#
# A fatal error has been detected by the Java Runtime Environment:
#
#  SIGSEGV (0xb) at pc=0x000000010bf1b12f, pid=16251, tid=0x0000000000006003
#
# JRE version: Java(TM) SE Runtime Environment (8.0_151-b12) (build 1.8.0_151-b12)
# Java VM: Java HotSpot(TM) 64-Bit Server VM (25.151-b12 mixed mode bsd-amd64 compressed oops)
# Problematic frame:
# C  [librxtxSerial.jnilib+0x312f]  Java_gnu_io_RXTXPort_interruptEventLoop+0x6b
#
# Failed to write core dump. Core dumps have been disabled. To enable core dumping, try "ulimit -c unlimited" before starting Java again
#
# If you would like to submit a bug report, please visit:
#   http://bugreport.java.com/bugreport/crash.jsp
# The crash happened outside the Java Virtual Machine in native code.
# See problematic frame for where to report the bug.
#

---------------  T H R E A D  ---------------

Current thread (0x00007fee2da4a000):  JavaThread "http-nio-8080-exec-9" daemon [_thread_in_native, id=24579, stack(0x000070000879c000,0x000070000889c000)]

siginfo: si_signo: 11 (SIGSEGV), si_code: 1 (SEGV_MAPERR), si_addr: 0x0000700007e7d888

Registers:
RAX=0x0000000000000000, RBX=0x0000700007e7d720, RCX=0x000070000889c0ac, RDX=0xffffffffffffffff
RSP=0x00007000088992f0, RBP=0x0000700008899300, RSI=0x0000000000000000, RDI=0x000000000000003c
R8 =0x0000000000000000, R9 =0x0000000002faf080, R10=0x0000000000000001, R11=0x0000000000000247
R12=0x000000000000004d, R13=0x000000010d7d4ab8, R14=0x0000700008899378, R15=0x00007fee2da4a000
RIP=0x000000010bf1b12f, EFLAGS=0x0000000000010202, ERR=0x0000000000000004
  TRAPNO=0x000000000000000e

Top of Stack: (sp=0x00007000088992f0)
0x00007000088992f0:   000000010d7d4ab8 0000000000000000
0x0000700008899300:   0000700008899358 000000010e2009f4
0x0000700008899310:   000000010e200742 0000700008899318
0x0000700008899320:   000000010d7d4ab8 0000700008899378
0x0000700008899330:   000000010d7de168 0000000000000000
0x0000700008899340:   000000010d7d4ab8 0000000000000000
0x0000700008899350:   0000700008899378 00007000088993c0
0x0000700008899360:   000000010e1f12bd 0000000000000000
0x0000700008899370:   000000010e1fa538 00000007408c9280
0x0000700008899380:   0000700008899380 000000010d7d4f5f
0x0000700008899390:   00007000088993d8 000000010d7de168
0x00007000088993a0:   0000000000000000 000000010d7d4fc8
0x00007000088993b0:   0000700008899378 00007000088993d8
0x00007000088993c0:   0000700008899430 000000010e1f12bd
0x00007000088993d0:   0000000000000000 00000007408c9280
0x00007000088993e0:   0000000000000011 0000000000000000
0x00007000088993f0:   00007000088993e0 000000010d7d59bb
0x0000700008899400:   0000700008899458 000000010d7de168
0x0000700008899410:   0000000000000000 000000010d7d5a20
0x0000700008899420:   00007000088993d8 0000700008899458
0x0000700008899430:   00007000088994a0 000000010e1f12bd
0x0000700008899440:   0000000000000000 0000000000000000
0x0000700008899450:   00000007408c9280 00000007408c9280
0x0000700008899460:   0000700008899460 000000010d7c1235
0x0000700008899470:   00007000088994b0 000000010d7c1688
0x0000700008899480:   0000000000000000 000000010d7c1250
0x0000700008899490:   0000700008899458 00007000088994b0
0x00007000088994a0:   00007000088994f8 000000010e1f12bd
0x00007000088994b0:   00000007408c9280 00007000088994b8
0x00007000088994c0:   000000010d19b88b 0000700008899508
0x00007000088994d0:   000000010d7b9940 0000000000000000
0x00007000088994e0:   000000010d19b8b0 00007000088994b0 

Instructions: (pc=0x000000010bf1b12f)
0x000000010bf1b10f:   00 01 00 00 00 48 8b bb 78 01 00 00 be 06 00 00
0x000000010bf1b11f:   00 e8 4d 27 00 00 bf 50 c3 00 00 e8 c7 27 00 00
0x000000010bf1b12f:   83 bb 68 01 00 00 01 74 16 48 8b bb 78 01 00 00
0x000000010bf1b13f:   e8 16 27 00 00 c7 83 68 01 00 00 01 00 00 00 5b 

Register to memory mapping:

RAX=0x0000000000000000 is an unknown value
RBX=0x0000700007e7d720 is an unknown value
RCX=0x000070000889c0ac is an unknown value
RDX=0xffffffffffffffff is an unknown value
RSP=0x00007000088992f0 is pointing into the stack for thread: 0x00007fee2da4a000
RBP=0x0000700008899300 is pointing into the stack for thread: 0x00007fee2da4a000
RSI=0x0000000000000000 is an unknown value
RDI=0x000000000000003c is an unknown value
R8 =0x0000000000000000 is an unknown value
R9 =0x0000000002faf080 is an unknown value
R10=0x0000000000000001 is an unknown value
R11=0x0000000000000247 is an unknown value
R12=0x000000000000004d is an unknown value
R13={method} {0x000000010d7d4ab8} 'interruptEventLoop' '()V' in 'gnu/io/RXTXPort'
R14=0x0000700008899378 is pointing into the stack for thread: 0x00007fee2da4a000
R15=0x00007fee2da4a000 is a thread


Stack: [0x000070000879c000,0x000070000889c000],  sp=0x00007000088992f0,  free space=1012k
Native frames: (J=compiled Java code, j=interpreted, Vv=VM code, C=native code)
C  [librxtxSerial.jnilib+0x312f]  Java_gnu_io_RXTXPort_interruptEventLoop+0x6b
j  gnu.io.RXTXPort.interruptEventLoop()V+0
j  gnu.io.RXTXPort.removeEventListener()V+55
j  gnu.io.RXTXPort.close()V+91
j  app.util.SerialPortUtils.closePort(Lgnu/io/SerialPort;)V+5
j  app.controller.SPCController.close()Ljava/lang/String;+11
v  ~StubRoutines::call_stub
V  [libjvm.dylib+0x2ee9aa]  JavaCalls::call_helper(JavaValue*, methodHandle*, JavaCallArguments*, Thread*)+0x6ae
V  [libjvm.dylib+0x4d3cd0]  Reflection::invoke(instanceKlassHandle, methodHandle, Handle, bool, objArrayHandle, BasicType, objArrayHandle, bool, Thread*)+0xe12
V  [libjvm.dylib+0x4d4204]  Reflection::invoke_method(oopDesc*, Handle, objArrayHandle, Thread*)+0x16c
V  [libjvm.dylib+0x346dac]  JVM_InvokeMethod+0x166
J 1644  sun.reflect.NativeMethodAccessorImpl.invoke0(Ljava/lang/reflect/Method;Ljava/lang/Object;[Ljava/lang/Object;)Ljava/lang/Object; (0 bytes) @ 0x000000010e76062d [0x000000010e760540+0xed]
J 1643 C1 sun.reflect.NativeMethodAccessorImpl.invoke(Ljava/lang/Object;[Ljava/lang/Object;)Ljava/lang/Object; (104 bytes) @ 0x000000010e76bb94 [0x000000010e76a9c0+0x11d4]
J 2030 C2 java.lang.reflect.Method.invoke(Ljava/lang/Object;[Ljava/lang/Object;)Ljava/lang/Object; (62 bytes) @ 0x000000010e8dfaa8 [0x000000010e8dfa00+0xa8]
j  org.springframework.web.method.support.InvocableHandlerMethod.doInvoke([Ljava/lang/Object;)Ljava/lang/Object;+16
j  org.springframework.web.method.support.InvocableHandlerMethod.invokeForRequest(Lorg/springframework/web/context/request/NativeWebRequest;Lorg/springframework/web/method/support/ModelAndViewContainer;[Ljava/lang/Object;)Ljava/lang/Object;+75
j  org.springframework.web.servlet.mvc.method.annotation.ServletInvocableHandlerMethod.invokeAndHandle(Lorg/springframework/web/context/request/ServletWebRequest;Lorg/springframework/web/method/support/ModelAndViewContainer;[Ljava/lang/Object;)V+4
j  org.springframework.web.servlet.mvc.method.annotation.RequestMappingHandlerAdapter.invokeHandlerMethod(Ljavax/servlet/http/HttpServletRequest;Ljavax/servlet/http/HttpServletResponse;Lorg/springframework/web/method/HandlerMethod;)Lorg/springframework/web/servlet/ModelAndView;+276
j  org.springframework.web.servlet.mvc.method.annotation.RequestMappingHandlerAdapter.handleInternal(Ljavax/servlet/http/HttpServletRequest;Ljavax/servlet/http/HttpServletResponse;Lorg/springframework/web/method/HandlerMethod;)Lorg/springframework/web/servlet/ModelAndView;+81
j  org.springframework.web.servlet.mvc.method.AbstractHandlerMethodAdapter.handle(Ljavax/servlet/http/HttpServletRequest;Ljavax/servlet/http/HttpServletResponse;Ljava/lang/Object;)Lorg/springframework/web/servlet/ModelAndView;+7
j  org.springframework.web.servlet.DispatcherServlet.doDispatch(Ljavax/servlet/http/HttpServletRequest;Ljavax/servlet/http/HttpServletResponse;)V+310
j  org.springframework.web.servlet.DispatcherServlet.doService(Ljavax/servlet/http/HttpServletRequest;Ljavax/servlet/http/HttpServletResponse;)V+308
j  org.springframework.web.servlet.FrameworkServlet.processRequest(Ljavax/servlet/http/HttpServletRequest;Ljavax/servlet/http/HttpServletResponse;)V+71
j  org.springframework.web.servlet.FrameworkServlet.doPost(Ljavax/servlet/http/HttpServletRequest;Ljavax/servlet/http/HttpServletResponse;)V+3
j  javax.servlet.http.HttpServlet.service(Ljavax/servlet/http/HttpServletRequest;Ljavax/servlet/http/HttpServletResponse;)V+149
j  org.springframework.web.servlet.FrameworkServlet.service(Ljavax/servlet/http/HttpServletRequest;Ljavax/servlet/http/HttpServletResponse;)V+33
j  javax.servlet.http.HttpServlet.service(Ljavax/servlet/ServletRequest;Ljavax/servlet/ServletResponse;)V+30
j  org.apache.catalina.core.ApplicationFilterChain.internalDoFilter(Ljavax/servlet/ServletRequest;Ljavax/servlet/ServletResponse;)V+304
j  org.apache.catalina.core.ApplicationFilterChain.doFilter(Ljavax/servlet/ServletRequest;Ljavax/servlet/ServletResponse;)V+101
j  org.apache.tomcat.websocket.server.WsFilter.doFilter(Ljavax/servlet/ServletRequest;Ljavax/servlet/ServletResponse;Ljavax/servlet/FilterChain;)V+21
j  org.apache.catalina.core.ApplicationFilterChain.internalDoFilter(Ljavax/servlet/ServletRequest;Ljavax/servlet/ServletResponse;)V+135
j  org.apache.catalina.core.ApplicationFilterChain.doFilter(Ljavax/servlet/ServletRequest;Ljavax/servlet/ServletResponse;)V+101
j  org.springframework.web.filter.RequestContextFilter.doFilterInternal(Ljavax/servlet/http/HttpServletRequest;Ljavax/servlet/http/HttpServletResponse;Ljavax/servlet/FilterChain;)V+21
j  org.springframework.web.filter.OncePerRequestFilter.doFilter(Ljavax/servlet/ServletRequest;Ljavax/servlet/ServletResponse;Ljavax/servlet/FilterChain;)V+111
j  org.apache.catalina.core.ApplicationFilterChain.internalDoFilter(Ljavax/servlet/ServletRequest;Ljavax/servlet/ServletResponse;)V+135
j  org.apache.catalina.core.ApplicationFilterChain.doFilter(Ljavax/servlet/ServletRequest;Ljavax/servlet/ServletResponse;)V+101
j  org.springframework.web.filter.HttpPutFormContentFilter.doFilterInternal(Ljavax/servlet/http/HttpServletRequest;Ljavax/servlet/http/HttpServletResponse;Ljavax/servlet/FilterChain;)V+95
j  org.springframework.web.filter.OncePerRequestFilter.doFilter(Ljavax/servlet/ServletRequest;Ljavax/servlet/ServletResponse;Ljavax/servlet/FilterChain;)V+111
j  org.apache.catalina.core.ApplicationFilterChain.internalDoFilter(Ljavax/servlet/ServletRequest;Ljavax/servlet/ServletResponse;)V+135
j  org.apache.catalina.core.ApplicationFilterChain.doFilter(Ljavax/servlet/ServletRequest;Ljavax/servlet/ServletResponse;)V+101
j  org.springframework.web.filter.HiddenHttpMethodFilter.doFilterInternal(Ljavax/servlet/http/HttpServletRequest;Ljavax/servlet/http/HttpServletResponse;Ljavax/servlet/FilterChain;)V+87
j  org.springframework.web.filter.OncePerRequestFilter.doFilter(Ljavax/servlet/ServletRequest;Ljavax/servlet/ServletResponse;Ljavax/servlet/FilterChain;)V+111
j  org.apache.catalina.core.ApplicationFilterChain.internalDoFilter(Ljavax/servlet/ServletRequest;Ljavax/servlet/ServletResponse;)V+135
j  org.apache.catalina.core.ApplicationFilterChain.doFilter(Ljavax/servlet/ServletRequest;Ljavax/servlet/ServletResponse;)V+101
j  org.springframework.web.filter.CharacterEncodingFilter.doFilterInternal(Ljavax/servlet/http/HttpServletRequest;Ljavax/servlet/http/HttpServletResponse;Ljavax/servlet/FilterChain;)V+53
j  org.springframework.web.filter.OncePerRequestFilter.doFilter(Ljavax/servlet/ServletRequest;Ljavax/servlet/ServletResponse;Ljavax/servlet/FilterChain;)V+111
j  org.apache.catalina.core.ApplicationFilterChain.internalDoFilter(Ljavax/servlet/ServletRequest;Ljavax/servlet/ServletResponse;)V+135
j  org.apache.catalina.core.ApplicationFilterChain.doFilter(Ljavax/servlet/ServletRequest;Ljavax/servlet/ServletResponse;)V+101
j  org.apache.catalina.core.StandardWrapperValve.invoke(Lorg/apache/catalina/connector/Request;Lorg/apache/catalina/connector/Response;)V+688
j  org.apache.catalina.core.StandardContextValve.invoke(Lorg/apache/catalina/connector/Request;Lorg/apache/catalina/connector/Response;)V+166
j  org.apache.catalina.authenticator.AuthenticatorBase.invoke(Lorg/apache/catalina/connector/Request;Lorg/apache/catalina/connector/Response;)V+254
j  org.apache.catalina.core.StandardHostValve.invoke(Lorg/apache/catalina/connector/Request;Lorg/apache/catalina/connector/Response;)V+138
j  org.apache.catalina.valves.ErrorReportValve.invoke(Lorg/apache/catalina/connector/Request;Lorg/apache/catalina/connector/Response;)V+6
j  org.apache.catalina.core.StandardEngineValve.invoke(Lorg/apache/catalina/connector/Request;Lorg/apache/catalina/connector/Response;)V+71
j  org.apache.catalina.connector.CoyoteAdapter.service(Lorg/apache/coyote/Request;Lorg/apache/coyote/Response;)V+199
j  org.apache.coyote.http11.Http11Processor.service(Lorg/apache/tomcat/util/net/SocketWrapperBase;)Lorg/apache/tomcat/util/net/AbstractEndpoint$Handler$SocketState;+806
j  org.apache.coyote.AbstractProcessorLight.process(Lorg/apache/tomcat/util/net/SocketWrapperBase;Lorg/apache/tomcat/util/net/SocketEvent;)Lorg/apache/tomcat/util/net/AbstractEndpoint$Handler$SocketState;+113
j  org.apache.coyote.AbstractProtocol$ConnectionHandler.process(Lorg/apache/tomcat/util/net/SocketWrapperBase;Lorg/apache/tomcat/util/net/SocketEvent;)Lorg/apache/tomcat/util/net/AbstractEndpoint$Handler$SocketState;+378
j  org.apache.tomcat.util.net.NioEndpoint$SocketProcessor.doRun()V+191
j  org.apache.tomcat.util.net.SocketProcessorBase.run()V+21
j  java.util.concurrent.ThreadPoolExecutor.runWorker(Ljava/util/concurrent/ThreadPoolExecutor$Worker;)V+95
j  java.util.concurrent.ThreadPoolExecutor$Worker.run()V+5
j  org.apache.tomcat.util.threads.TaskThread$WrappingRunnable.run()V+4
j  java.lang.Thread.run()V+11
v  ~StubRoutines::call_stub
V  [libjvm.dylib+0x2ee9aa]  JavaCalls::call_helper(JavaValue*, methodHandle*, JavaCallArguments*, Thread*)+0x6ae
V  [libjvm.dylib+0x2ef14e]  JavaCalls::call_virtual(JavaValue*, KlassHandle, Symbol*, Symbol*, JavaCallArguments*, Thread*)+0x164
V  [libjvm.dylib+0x2ef2fa]  JavaCalls::call_virtual(JavaValue*, Handle, KlassHandle, Symbol*, Symbol*, Thread*)+0x4a
V  [libjvm.dylib+0x349a51]  thread_entry(JavaThread*, Thread*)+0x7c
V  [libjvm.dylib+0x56c173]  JavaThread::thread_main_inner()+0x9b
V  [libjvm.dylib+0x56d860]  JavaThread::run()+0x1c2
V  [libjvm.dylib+0x48bbb2]  java_start(Thread*)+0xf6
C  [libsystem_pthread.dylib+0x3305]  _pthread_body+0x7e
C  [libsystem_pthread.dylib+0x626f]  _pthread_start+0x46
C  [libsystem_pthread.dylib+0x2415]  thread_start+0xd
C  0x0000000000000000

Java frames: (J=compiled Java code, j=interpreted, Vv=VM code)
j  gnu.io.RXTXPort.interruptEventLoop()V+0
j  gnu.io.RXTXPort.removeEventListener()V+55
j  gnu.io.RXTXPort.close()V+91
j  app.util.SerialPortUtils.closePort(Lgnu/io/SerialPort;)V+5
j  app.controller.SPCController.close()Ljava/lang/String;+11
v  ~StubRoutines::call_stub
J 1644  sun.reflect.NativeMethodAccessorImpl.invoke0(Ljava/lang/reflect/Method;Ljava/lang/Object;[Ljava/lang/Object;)Ljava/lang/Object; (0 bytes) @ 0x000000010e7605b7 [0x000000010e760540+0x77]
J 1643 C1 sun.reflect.NativeMethodAccessorImpl.invoke(Ljava/lang/Object;[Ljava/lang/Object;)Ljava/lang/Object; (104 bytes) @ 0x000000010e76bb94 [0x000000010e76a9c0+0x11d4]
J 2030 C2 java.lang.reflect.Method.invoke(Ljava/lang/Object;[Ljava/lang/Object;)Ljava/lang/Object; (62 bytes) @ 0x000000010e8dfaa8 [0x000000010e8dfa00+0xa8]
j  org.springframework.web.method.support.InvocableHandlerMethod.doInvoke([Ljava/lang/Object;)Ljava/lang/Object;+16
j  org.springframework.web.method.support.InvocableHandlerMethod.invokeForRequest(Lorg/springframework/web/context/request/NativeWebRequest;Lorg/springframework/web/method/support/ModelAndViewContainer;[Ljava/lang/Object;)Ljava/lang/Object;+75
j  org.springframework.web.servlet.mvc.method.annotation.ServletInvocableHandlerMethod.invokeAndHandle(Lorg/springframework/web/context/request/ServletWebRequest;Lorg/springframework/web/method/support/ModelAndViewContainer;[Ljava/lang/Object;)V+4
j  org.springframework.web.servlet.mvc.method.annotation.RequestMappingHandlerAdapter.invokeHandlerMethod(Ljavax/servlet/http/HttpServletRequest;Ljavax/servlet/http/HttpServletResponse;Lorg/springframework/web/method/HandlerMethod;)Lorg/springframework/web/servlet/ModelAndView;+276
j  org.springframework.web.servlet.mvc.method.annotation.RequestMappingHandlerAdapter.handleInternal(Ljavax/servlet/http/HttpServletRequest;Ljavax/servlet/http/HttpServletResponse;Lorg/springframework/web/method/HandlerMethod;)Lorg/springframework/web/servlet/ModelAndView;+81
j  org.springframework.web.servlet.mvc.method.AbstractHandlerMethodAdapter.handle(Ljavax/servlet/http/HttpServletRequest;Ljavax/servlet/http/HttpServletResponse;Ljava/lang/Object;)Lorg/springframework/web/servlet/ModelAndView;+7
j  org.springframework.web.servlet.DispatcherServlet.doDispatch(Ljavax/servlet/http/HttpServletRequest;Ljavax/servlet/http/HttpServletResponse;)V+310
j  org.springframework.web.servlet.DispatcherServlet.doService(Ljavax/servlet/http/HttpServletRequest;Ljavax/servlet/http/HttpServletResponse;)V+308
j  org.springframework.web.servlet.FrameworkServlet.processRequest(Ljavax/servlet/http/HttpServletRequest;Ljavax/servlet/http/HttpServletResponse;)V+71
j  org.springframework.web.servlet.FrameworkServlet.doPost(Ljavax/servlet/http/HttpServletRequest;Ljavax/servlet/http/HttpServletResponse;)V+3
j  javax.servlet.http.HttpServlet.service(Ljavax/servlet/http/HttpServletRequest;Ljavax/servlet/http/HttpServletResponse;)V+149
j  org.springframework.web.servlet.FrameworkServlet.service(Ljavax/servlet/http/HttpServletRequest;Ljavax/servlet/http/HttpServletResponse;)V+33
j  javax.servlet.http.HttpServlet.service(Ljavax/servlet/ServletRequest;Ljavax/servlet/ServletResponse;)V+30
j  org.apache.catalina.core.ApplicationFilterChain.internalDoFilter(Ljavax/servlet/ServletRequest;Ljavax/servlet/ServletResponse;)V+304
j  org.apache.catalina.core.ApplicationFilterChain.doFilter(Ljavax/servlet/ServletRequest;Ljavax/servlet/ServletResponse;)V+101
j  org.apache.tomcat.websocket.server.WsFilter.doFilter(Ljavax/servlet/ServletRequest;Ljavax/servlet/ServletResponse;Ljavax/servlet/FilterChain;)V+21
j  org.apache.catalina.core.ApplicationFilterChain.internalDoFilter(Ljavax/servlet/ServletRequest;Ljavax/servlet/ServletResponse;)V+135
j  org.apache.catalina.core.ApplicationFilterChain.doFilter(Ljavax/servlet/ServletRequest;Ljavax/servlet/ServletResponse;)V+101
j  org.springframework.web.filter.RequestContextFilter.doFilterInternal(Ljavax/servlet/http/HttpServletRequest;Ljavax/servlet/http/HttpServletResponse;Ljavax/servlet/FilterChain;)V+21
j  org.springframework.web.filter.OncePerRequestFilter.doFilter(Ljavax/servlet/ServletRequest;Ljavax/servlet/ServletResponse;Ljavax/servlet/FilterChain;)V+111
j  org.apache.catalina.core.ApplicationFilterChain.internalDoFilter(Ljavax/servlet/ServletRequest;Ljavax/servlet/ServletResponse;)V+135
j  org.apache.catalina.core.ApplicationFilterChain.doFilter(Ljavax/servlet/ServletRequest;Ljavax/servlet/ServletResponse;)V+101
j  org.springframework.web.filter.HttpPutFormContentFilter.doFilterInternal(Ljavax/servlet/http/HttpServletRequest;Ljavax/servlet/http/HttpServletResponse;Ljavax/servlet/FilterChain;)V+95
j  org.springframework.web.filter.OncePerRequestFilter.doFilter(Ljavax/servlet/ServletRequest;Ljavax/servlet/ServletResponse;Ljavax/servlet/FilterChain;)V+111
j  org.apache.catalina.core.ApplicationFilterChain.internalDoFilter(Ljavax/servlet/ServletRequest;Ljavax/servlet/ServletResponse;)V+135
j  org.apache.catalina.core.ApplicationFilterChain.doFilter(Ljavax/servlet/ServletRequest;Ljavax/servlet/ServletResponse;)V+101
j  org.springframework.web.filter.HiddenHttpMethodFilter.doFilterInternal(Ljavax/servlet/http/HttpServletRequest;Ljavax/servlet/http/HttpServletResponse;Ljavax/servlet/FilterChain;)V+87
j  org.springframework.web.filter.OncePerRequestFilter.doFilter(Ljavax/servlet/ServletRequest;Ljavax/servlet/ServletResponse;Ljavax/servlet/FilterChain;)V+111
j  org.apache.catalina.core.ApplicationFilterChain.internalDoFilter(Ljavax/servlet/ServletRequest;Ljavax/servlet/ServletResponse;)V+135
j  org.apache.catalina.core.ApplicationFilterChain.doFilter(Ljavax/servlet/ServletRequest;Ljavax/servlet/ServletResponse;)V+101
j  org.springframework.web.filter.CharacterEncodingFilter.doFilterInternal(Ljavax/servlet/http/HttpServletRequest;Ljavax/servlet/http/HttpServletResponse;Ljavax/servlet/FilterChain;)V+53
j  org.springframework.web.filter.OncePerRequestFilter.doFilter(Ljavax/servlet/ServletRequest;Ljavax/servlet/ServletResponse;Ljavax/servlet/FilterChain;)V+111
j  org.apache.catalina.core.ApplicationFilterChain.internalDoFilter(Ljavax/servlet/ServletRequest;Ljavax/servlet/ServletResponse;)V+135
j  org.apache.catalina.core.ApplicationFilterChain.doFilter(Ljavax/servlet/ServletRequest;Ljavax/servlet/ServletResponse;)V+101
j  org.apache.catalina.core.StandardWrapperValve.invoke(Lorg/apache/catalina/connector/Request;Lorg/apache/catalina/connector/Response;)V+688
j  org.apache.catalina.core.StandardContextValve.invoke(Lorg/apache/catalina/connector/Request;Lorg/apache/catalina/connector/Response;)V+166
j  org.apache.catalina.authenticator.AuthenticatorBase.invoke(Lorg/apache/catalina/connector/Request;Lorg/apache/catalina/connector/Response;)V+254
j  org.apache.catalina.core.StandardHostValve.invoke(Lorg/apache/catalina/connector/Request;Lorg/apache/catalina/connector/Response;)V+138
j  org.apache.catalina.valves.ErrorReportValve.invoke(Lorg/apache/catalina/connector/Request;Lorg/apache/catalina/connector/Response;)V+6
j  org.apache.catalina.core.StandardEngineValve.invoke(Lorg/apache/catalina/connector/Request;Lorg/apache/catalina/connector/Response;)V+71
j  org.apache.catalina.connector.CoyoteAdapter.service(Lorg/apache/coyote/Request;Lorg/apache/coyote/Response;)V+199
j  org.apache.coyote.http11.Http11Processor.service(Lorg/apache/tomcat/util/net/SocketWrapperBase;)Lorg/apache/tomcat/util/net/AbstractEndpoint$Handler$SocketState;+806
j  org.apache.coyote.AbstractProcessorLight.process(Lorg/apache/tomcat/util/net/SocketWrapperBase;Lorg/apache/tomcat/util/net/SocketEvent;)Lorg/apache/tomcat/util/net/AbstractEndpoint$Handler$SocketState;+113
j  org.apache.coyote.AbstractProtocol$ConnectionHandler.process(Lorg/apache/tomcat/util/net/SocketWrapperBase;Lorg/apache/tomcat/util/net/SocketEvent;)Lorg/apache/tomcat/util/net/AbstractEndpoint$Handler$SocketState;+378
j  org.apache.tomcat.util.net.NioEndpoint$SocketProcessor.doRun()V+191
j  org.apache.tomcat.util.net.SocketProcessorBase.run()V+21
j  java.util.concurrent.ThreadPoolExecutor.runWorker(Ljava/util/concurrent/ThreadPoolExecutor$Worker;)V+95
j  java.util.concurrent.ThreadPoolExecutor$Worker.run()V+5
j  org.apache.tomcat.util.threads.TaskThread$WrappingRunnable.run()V+4
j  java.lang.Thread.run()V+11
v  ~StubRoutines::call_stub

---------------  P R O C E S S  ---------------

Java Threads: ( => current thread )
  0x00007fee2d407800 JavaThread "DestroyJavaVM" [_thread_blocked, id=9987, stack(0x0000700006b48000,0x0000700006c48000)]
  0x00007fee2f097000 JavaThread "http-nio-8080-AsyncTimeout" daemon [_thread_blocked, id=38915, stack(0x0000700008cab000,0x0000700008dab000)]
  0x00007fee2da4d000 JavaThread "http-nio-8080-Acceptor-0" daemon [_thread_in_native, id=39427, stack(0x0000700008ba8000,0x0000700008ca8000)]
  0x00007fee2dd20000 JavaThread "http-nio-8080-ClientPoller-1" daemon [_thread_in_native, id=39939, stack(0x0000700008aa5000,0x0000700008ba5000)]
  0x00007fee2da4b800 JavaThread "http-nio-8080-ClientPoller-0" daemon [_thread_in_native, id=25603, stack(0x00007000089a2000,0x0000700008aa2000)]
  0x00007fee2da4b000 JavaThread "http-nio-8080-exec-10" daemon [_thread_blocked, id=25091, stack(0x000070000889f000,0x000070000899f000)]
=>0x00007fee2da4a000 JavaThread "http-nio-8080-exec-9" daemon [_thread_in_native, id=24579, stack(0x000070000879c000,0x000070000889c000)]
  0x00007fee2da47000 JavaThread "http-nio-8080-exec-8" daemon [_thread_blocked, id=24323, stack(0x0000700008699000,0x0000700008799000)]
  0x00007fee2e8c2800 JavaThread "http-nio-8080-exec-7" daemon [_thread_blocked, id=23811, stack(0x0000700008596000,0x0000700008696000)]
  0x00007fee2e8c1800 JavaThread "http-nio-8080-exec-6" daemon [_thread_blocked, id=40963, stack(0x0000700008493000,0x0000700008593000)]
  0x00007fee2da46800 JavaThread "http-nio-8080-exec-5" daemon [_thread_blocked, id=23555, stack(0x0000700008390000,0x0000700008490000)]
  0x00007fee2f096800 JavaThread "http-nio-8080-exec-4" daemon [_thread_blocked, id=23299, stack(0x000070000828d000,0x000070000838d000)]
  0x00007fee2c357000 JavaThread "http-nio-8080-exec-3" daemon [_thread_blocked, id=41987, stack(0x000070000818a000,0x000070000828a000)]
  0x00007fee2f095800 JavaThread "http-nio-8080-exec-2" daemon [_thread_blocked, id=22787, stack(0x0000700008087000,0x0000700008187000)]
  0x00007fee2e2f5800 JavaThread "http-nio-8080-exec-1" daemon [_thread_blocked, id=42499, stack(0x0000700007f84000,0x0000700008084000)]
  0x00007fee2bb45000 JavaThread "NioBlockingSelector.BlockPoller-1" daemon [_thread_in_native, id=42755, stack(0x0000700007e81000,0x0000700007f81000)]
  0x00007fee2b9f1800 JavaThread "container-0" [_thread_blocked, id=14339, stack(0x0000700007c7b000,0x0000700007d7b000)]
  0x00007fee2afc6000 JavaThread "ContainerBackgroundProcessor[StandardEngine[Tomcat]]" daemon [_thread_blocked, id=15875, stack(0x0000700007b78000,0x0000700007c78000)]
  0x00007fee2c009000 JavaThread "Service Thread" daemon [_thread_blocked, id=17155, stack(0x000070000776c000,0x000070000786c000)]
  0x00007fee2b040000 JavaThread "C1 CompilerThread2" daemon [_thread_blocked, id=17411, stack(0x0000700007669000,0x0000700007769000)]
  0x00007fee2b03f800 JavaThread "C2 CompilerThread1" daemon [_thread_blocked, id=13059, stack(0x0000700007566000,0x0000700007666000)]
  0x00007fee2b03d800 JavaThread "C2 CompilerThread0" daemon [_thread_blocked, id=17923, stack(0x0000700007463000,0x0000700007563000)]
  0x00007fee2c021800 JavaThread "Signal Dispatcher" daemon [_thread_blocked, id=18179, stack(0x0000700007360000,0x0000700007460000)]
  0x00007fee2a816800 JavaThread "Finalizer" daemon [_thread_blocked, id=19715, stack(0x000070000725d000,0x000070000735d000)]
  0x00007fee2a807000 JavaThread "Reference Handler" daemon [_thread_blocked, id=19971, stack(0x000070000715a000,0x000070000725a000)]

Other Threads:
  0x00007fee2b067800 VMThread [stack: 0x0000700007057000,0x0000700007157000] [id=20483]
  0x00007fee2a821800 WatcherThread [stack: 0x000070000786f000,0x000070000796f000] [id=16643]

VM state:not at safepoint (normal execution)

VM Mutex/Monitor currently owned by a thread: None

Heap:
 PSYoungGen      total 252928K, used 103387K [0x0000000795580000, 0x00000007a6480000, 0x00000007c0000000)
  eden space 237056K, 43% used [0x0000000795580000,0x000000079ba76d58,0x00000007a3d00000)
  from space 15872K, 0% used [0x00000007a4d00000,0x00000007a4d00000,0x00000007a5c80000)
  to   space 16384K, 0% used [0x00000007a3d00000,0x00000007a3d00000,0x00000007a4d00000)
 ParOldGen       total 66048K, used 20802K [0x0000000740000000, 0x0000000744080000, 0x0000000795580000)
  object space 66048K, 31% used [0x0000000740000000,0x0000000741450800,0x0000000744080000)
 Metaspace       used 39291K, capacity 40784K, committed 41048K, reserved 1085440K
  class space    used 5093K, capacity 5377K, committed 5464K, reserved 1048576K

Card table byte_map: [0x0000000103d67000,0x0000000104168000] byte_map_base: 0x0000000100367000

Marking Bits: (ParMarkBitMap*) 0x00000001032f35d0
 Begin Bits: [0x0000000104413000, 0x0000000106413000)
 End Bits:   [0x0000000106413000, 0x0000000108413000)

Polling page: 0x000000010219f000

CodeCache: size=245760Kb used=12949Kb max_used=12954Kb free=232810Kb
 bounds [0x000000010e1e9000, 0x000000010eea9000, 0x000000011d1e9000]
 total_blobs=4252 nmethods=3817 adapters=348
 compilation: enabled

Compilation events (10 events):
Event: 482.130 Thread 0x00007fee2b040000 4339       3       java.lang.ThreadLocal$ThreadLocalMap::getEntryAfterMiss (63 bytes)
Event: 482.131 Thread 0x00007fee2b040000 nmethod 4339 0x000000010e5f0910 code [0x000000010e5f0ac0, 0x000000010e5f1028]
Event: 482.131 Thread 0x00007fee2b040000 4340       3       java.util.concurrent.ConcurrentHashMap::addCount (292 bytes)
Event: 482.132 Thread 0x00007fee2b040000 nmethod 4340 0x000000010e39ac10 code [0x000000010e39ae20, 0x000000010e39b918]
Event: 482.133 Thread 0x00007fee2b040000 4337   !   3       sun.net.www.protocol.jar.JarFileFactory::getCachedJarFile (145 bytes)
Event: 482.133 Thread 0x00007fee2b040000 nmethod 4337 0x000000010ee9b010 code [0x000000010ee9b2e0, 0x000000010ee9c918]
Event: 482.134 Thread 0x00007fee2b040000 4341       3       java.lang.Boolean::hashCode (8 bytes)
Event: 482.134 Thread 0x00007fee2b040000 nmethod 4341 0x000000010e5f04d0 code [0x000000010e5f0640, 0x000000010e5f0850]
Event: 482.134 Thread 0x00007fee2b040000 4336       1       org.apache.tomcat.util.buf.MessageBytes::getCharChunk (5 bytes)
Event: 482.134 Thread 0x00007fee2b040000 nmethod 4336 0x000000010e5f0210 code [0x000000010e5f0360, 0x000000010e5f0470]

GC Heap History (10 events):
Event: 16.350 GC heap before
{Heap before GC invocations=6 (full 1):
 PSYoungGen      total 71680K, used 66560K [0x0000000795580000, 0x000000079a080000, 0x00000007c0000000)
  eden space 66560K, 100% used [0x0000000795580000,0x0000000799680000,0x0000000799680000)
  from space 5120K, 0% used [0x0000000799b80000,0x0000000799b80000,0x000000079a080000)
  to   space 5120K, 0% used [0x0000000799680000,0x0000000799680000,0x0000000799b80000)
 ParOldGen       total 51200K, used 8373K [0x0000000740000000, 0x0000000743200000, 0x0000000795580000)
  object space 51200K, 16% used [0x0000000740000000,0x000000074082d440,0x0000000743200000)
 Metaspace       used 24260K, capacity 24914K, committed 25216K, reserved 1071104K
  class space    used 3129K, capacity 3332K, committed 3456K, reserved 1048576K
Event: 16.363 GC heap after
Heap after GC invocations=6 (full 1):
 PSYoungGen      total 71680K, used 5119K [0x0000000795580000, 0x000000079e900000, 0x00000007c0000000)
  eden space 66560K, 0% used [0x0000000795580000,0x0000000795580000,0x0000000799680000)
  from space 5120K, 99% used [0x0000000799680000,0x0000000799b7ff28,0x0000000799b80000)
  to   space 11776K, 0% used [0x000000079dd80000,0x000000079dd80000,0x000000079e900000)
 ParOldGen       total 51200K, used 10966K [0x0000000740000000, 0x0000000743200000, 0x0000000795580000)
  object space 51200K, 21% used [0x0000000740000000,0x0000000740ab5b18,0x0000000743200000)
 Metaspace       used 24260K, capacity 24914K, committed 25216K, reserved 1071104K
  class space    used 3129K, capacity 3332K, committed 3456K, reserved 1048576K
}
Event: 16.947 GC heap before
{Heap before GC invocations=7 (full 1):
 PSYoungGen      total 71680K, used 71679K [0x0000000795580000, 0x000000079e900000, 0x00000007c0000000)
  eden space 66560K, 100% used [0x0000000795580000,0x0000000799680000,0x0000000799680000)
  from space 5120K, 99% used [0x0000000799680000,0x0000000799b7ff28,0x0000000799b80000)
  to   space 11776K, 0% used [0x000000079dd80000,0x000000079dd80000,0x000000079e900000)
 ParOldGen       total 51200K, used 10966K [0x0000000740000000, 0x0000000743200000, 0x0000000795580000)
  object space 51200K, 21% used [0x0000000740000000,0x0000000740ab5b18,0x0000000743200000)
 Metaspace       used 28485K, capacity 29596K, committed 29824K, reserved 1075200K
  class space    used 3693K, capacity 3943K, committed 3968K, reserved 1048576K
Event: 16.957 GC heap after
Heap after GC invocations=7 (full 1):
 PSYoungGen      total 137216K, used 8889K [0x0000000795580000, 0x000000079e800000, 0x00000007c0000000)
  eden space 126464K, 0% used [0x0000000795580000,0x0000000795580000,0x000000079d100000)
  from space 10752K, 82% used [0x000000079dd80000,0x000000079e62e430,0x000000079e800000)
  to   space 11776K, 0% used [0x000000079d100000,0x000000079d100000,0x000000079dc80000)
 ParOldGen       total 51200K, used 10974K [0x0000000740000000, 0x0000000743200000, 0x0000000795580000)
  object space 51200K, 21% used [0x0000000740000000,0x0000000740ab7b18,0x0000000743200000)
 Metaspace       used 28485K, capacity 29596K, committed 29824K, reserved 1075200K
  class space    used 3693K, capacity 3943K, committed 3968K, reserved 1048576K
}
Event: 18.363 GC heap before
{Heap before GC invocations=8 (full 1):
 PSYoungGen      total 137216K, used 135353K [0x0000000795580000, 0x000000079e800000, 0x00000007c0000000)
  eden space 126464K, 100% used [0x0000000795580000,0x000000079d100000,0x000000079d100000)
  from space 10752K, 82% used [0x000000079dd80000,0x000000079e62e430,0x000000079e800000)
  to   space 11776K, 0% used [0x000000079d100000,0x000000079d100000,0x000000079dc80000)
 ParOldGen       total 51200K, used 10974K [0x0000000740000000, 0x0000000743200000, 0x0000000795580000)
  object space 51200K, 21% used [0x0000000740000000,0x0000000740ab7b18,0x0000000743200000)
 Metaspace       used 33812K, capacity 35100K, committed 35328K, reserved 1079296K
  class space    used 4347K, capacity 4599K, committed 4608K, reserved 1048576K
Event: 18.383 GC heap after
Heap after GC invocations=8 (full 1):
 PSYoungGen      total 138240K, used 11760K [0x0000000795580000, 0x00000007a5c80000, 0x00000007c0000000)
  eden space 126464K, 0% used [0x0000000795580000,0x0000000795580000,0x000000079d100000)
  from space 11776K, 99% used [0x000000079d100000,0x000000079dc7c320,0x000000079dc80000)
  to   space 15872K, 0% used [0x00000007a4d00000,0x00000007a4d00000,0x00000007a5c80000)
 ParOldGen       total 51200K, used 15138K [0x0000000740000000, 0x0000000743200000, 0x0000000795580000)
  object space 51200K, 29% used [0x0000000740000000,0x0000000740ec8910,0x0000000743200000)
 Metaspace       used 33812K, capacity 35100K, committed 35328K, reserved 1079296K
  class space    used 4347K, capacity 4599K, committed 4608K, reserved 1048576K
}
Event: 18.436 GC heap before
{Heap before GC invocations=9 (full 1):
 PSYoungGen      total 138240K, used 21391K [0x0000000795580000, 0x00000007a5c80000, 0x00000007c0000000)
  eden space 126464K, 7% used [0x0000000795580000,0x0000000795ee7a18,0x000000079d100000)
  from space 11776K, 99% used [0x000000079d100000,0x000000079dc7c320,0x000000079dc80000)
  to   space 15872K, 0% used [0x00000007a4d00000,0x00000007a4d00000,0x00000007a5c80000)
 ParOldGen       total 51200K, used 15138K [0x0000000740000000, 0x0000000743200000, 0x0000000795580000)
  object space 51200K, 29% used [0x0000000740000000,0x0000000740ec8910,0x0000000743200000)
 Metaspace       used 34033K, capacity 35324K, committed 35416K, reserved 1079296K
  class space    used 4370K, capacity 4631K, committed 4696K, reserved 1048576K
Event: 18.449 GC heap after
Heap after GC invocations=9 (full 1):
 PSYoungGen      total 252928K, used 12492K [0x0000000795580000, 0x00000007a6480000, 0x00000007c0000000)
  eden space 237056K, 0% used [0x0000000795580000,0x0000000795580000,0x00000007a3d00000)
  from space 15872K, 78% used [0x00000007a4d00000,0x00000007a5933220,0x00000007a5c80000)
  to   space 16384K, 0% used [0x00000007a3d00000,0x00000007a3d00000,0x00000007a4d00000)
 ParOldGen       total 51200K, used 15146K [0x0000000740000000, 0x0000000743200000, 0x0000000795580000)
  object space 51200K, 29% used [0x0000000740000000,0x0000000740eca910,0x0000000743200000)
 Metaspace       used 34033K, capacity 35324K, committed 35416K, reserved 1079296K
  class space    used 4370K, capacity 4631K, committed 4696K, reserved 1048576K
}
Event: 18.449 GC heap before
{Heap before GC invocations=10 (full 2):
 PSYoungGen      total 252928K, used 12492K [0x0000000795580000, 0x00000007a6480000, 0x00000007c0000000)
  eden space 237056K, 0% used [0x0000000795580000,0x0000000795580000,0x00000007a3d00000)
  from space 15872K, 78% used [0x00000007a4d00000,0x00000007a5933220,0x00000007a5c80000)
  to   space 16384K, 0% used [0x00000007a3d00000,0x00000007a3d00000,0x00000007a4d00000)
 ParOldGen       total 51200K, used 15146K [0x0000000740000000, 0x0000000743200000, 0x0000000795580000)
  object space 51200K, 29% used [0x0000000740000000,0x0000000740eca910,0x0000000743200000)
 Metaspace       used 34033K, capacity 35324K, committed 35416K, reserved 1079296K
  class space    used 4370K, capacity 4631K, committed 4696K, reserved 1048576K
Event: 18.511 GC heap after
Heap after GC invocations=10 (full 2):
 PSYoungGen      total 252928K, used 0K [0x0000000795580000, 0x00000007a6480000, 0x00000007c0000000)
  eden space 237056K, 0% used [0x0000000795580000,0x0000000795580000,0x00000007a3d00000)
  from space 15872K, 0% used [0x00000007a4d00000,0x00000007a4d00000,0x00000007a5c80000)
  to   space 16384K, 0% used [0x00000007a3d00000,0x00000007a3d00000,0x00000007a4d00000)
 ParOldGen       total 66048K, used 20802K [0x0000000740000000, 0x0000000744080000, 0x0000000795580000)
  object space 66048K, 31% used [0x0000000740000000,0x0000000741450800,0x0000000744080000)
 Metaspace       used 34033K, capacity 35324K, committed 35416K, reserved 1079296K
  class space    used 4370K, capacity 4631K, committed 4696K, reserved 1048576K
}

Deoptimization events (10 events):
Event: 435.654 Thread 0x00007fee2e2f5800 Uncommon trap: reason=bimorphic action=maybe_recompile pc=0x000000010e5c5210 method=java.util.AbstractList$Itr.next()Ljava/lang/Object; @ 14
Event: 435.697 Thread 0x00007fee2f095800 Uncommon trap: reason=bimorphic action=maybe_recompile pc=0x000000010e5c5210 method=java.util.AbstractList$Itr.next()Ljava/lang/Object; @ 14
Event: 435.705 Thread 0x00007fee2c357000 Uncommon trap: reason=bimorphic action=maybe_recompile pc=0x000000010e5c5210 method=java.util.AbstractList$Itr.next()Ljava/lang/Object; @ 14
Event: 435.706 Thread 0x00007fee2f096800 Uncommon trap: reason=bimorphic action=maybe_recompile pc=0x000000010e5c5210 method=java.util.AbstractList$Itr.next()Ljava/lang/Object; @ 14
Event: 435.962 Thread 0x00007fee2da46800 Uncommon trap: reason=bimorphic action=maybe_recompile pc=0x000000010e5c6f18 method=java.util.concurrent.ConcurrentHashMap.putVal(Ljava/lang/Object;Ljava/lang/Object;Z)Ljava/lang/Object; @ 192
Event: 435.962 Thread 0x00007fee2da46800 Uncommon trap: reason=bimorphic action=maybe_recompile pc=0x000000010e5c6f18 method=java.util.concurrent.ConcurrentHashMap.putVal(Ljava/lang/Object;Ljava/lang/Object;Z)Ljava/lang/Object; @ 192
Event: 435.969 Thread 0x00007fee2da46800 Uncommon trap: reason=unstable_if action=reinterpret pc=0x000000010e5c6dc0 method=java.util.concurrent.ConcurrentHashMap.putVal(Ljava/lang/Object;Ljava/lang/Object;Z)Ljava/lang/Object; @ 98
Event: 436.103 Thread 0x00007fee2f096800 Uncommon trap: reason=unstable_if action=reinterpret pc=0x000000010e759318 method=java.util.concurrent.ConcurrentHashMap.get(Ljava/lang/Object;)Ljava/lang/Object; @ 76
Event: 436.181 Thread 0x00007fee2c357000 Uncommon trap: reason=unstable_if action=reinterpret pc=0x000000010e5b552c method=java.net.URI.match(CJJ)Z @ 45
Event: 466.486 Thread 0x00007fee2da4b000 Uncommon trap: reason=unstable_if action=reinterpret pc=0x000000010eb34290 method=java.util.concurrent.ConcurrentHashMap.addCount(JI)V @ 34

Internal exceptions (10 events):
Event: 435.624 Thread 0x00007fee2e2f5800 Exception <a 'java/lang/ClassNotFoundException': org/springframework/web/servlet/theme/FixedThemeResolverCustomizer> (0x000000079958ac58) thrown at [/Users/java_re/workspace/8-2-build-macosx-x86_64/jdk8u151/9699/hotspot/src/share/vm/classfile/systemDictio
Event: 435.624 Thread 0x00007fee2e2f5800 Exception <a 'java/lang/ClassNotFoundException': org/springframework/web/servlet/ThemeResolverCustomizer> (0x00000007995a1f50) thrown at [/Users/java_re/workspace/8-2-build-macosx-x86_64/jdk8u151/9699/hotspot/src/share/vm/classfile/systemDictionary.cpp, l
Event: 435.627 Thread 0x00007fee2e2f5800 Exception <a 'java/lang/ClassNotFoundException': java/lang/ObjectCustomizer> (0x00000007995c4020) thrown at [/Users/java_re/workspace/8-2-build-macosx-x86_64/jdk8u151/9699/hotspot/src/share/vm/classfile/systemDictionary.cpp, line 210]
Event: 435.627 Thread 0x00007fee2e2f5800 Exception <a 'java/lang/ClassNotFoundException': org/springframework/web/servlet/view/DefaultRequestToViewNameTranslatorCustomizer> (0x00000007995e1078) thrown at [/Users/java_re/workspace/8-2-build-macosx-x86_64/jdk8u151/9699/hotspot/src/share/vm/classfi
Event: 435.628 Thread 0x00007fee2e2f5800 Exception <a 'java/lang/ClassNotFoundException': org/springframework/web/servlet/RequestToViewNameTranslatorCustomizer> (0x0000000799609d00) thrown at [/Users/java_re/workspace/8-2-build-macosx-x86_64/jdk8u151/9699/hotspot/src/share/vm/classfile/systemDic
Event: 435.633 Thread 0x00007fee2e2f5800 Exception <a 'java/lang/ClassNotFoundException': java/lang/ObjectCustomizer> (0x0000000799641dd8) thrown at [/Users/java_re/workspace/8-2-build-macosx-x86_64/jdk8u151/9699/hotspot/src/share/vm/classfile/systemDictionary.cpp, line 210]
Event: 435.633 Thread 0x00007fee2e2f5800 Exception <a 'java/lang/ClassNotFoundException': org/springframework/web/servlet/support/AbstractFlashMapManagerCustomizer> (0x000000079965d268) thrown at [/Users/java_re/workspace/8-2-build-macosx-x86_64/jdk8u151/9699/hotspot/src/share/vm/classfile/syste
Event: 435.634 Thread 0x00007fee2e2f5800 Exception <a 'java/lang/ClassNotFoundException': org/springframework/web/servlet/support/SessionFlashMapManagerCustomizer> (0x000000079967c658) thrown at [/Users/java_re/workspace/8-2-build-macosx-x86_64/jdk8u151/9699/hotspot/src/share/vm/classfile/system
Event: 435.634 Thread 0x00007fee2e2f5800 Exception <a 'java/lang/ClassNotFoundException': org/springframework/web/servlet/FlashMapManagerCustomizer> (0x0000000799693770) thrown at [/Users/java_re/workspace/8-2-build-macosx-x86_64/jdk8u151/9699/hotspot/src/share/vm/classfile/systemDictionary.cpp,
Event: 435.654 Thread 0x00007fee2e2f5800 Exception <a 'java/lang/NoSuchMethodError': java.lang.Object.lambda$thenComparing$36697e65$1(Ljava/util/Comparator;Ljava/lang/Object;Ljava/lang/Object;)I> (0x00000007997bf890) thrown at [/Users/java_re/workspace/8-2-build-macosx-x86_64/jdk8u151/9699/hotsp

Events (10 events):
Event: 482.128 Executing VM operation: RevokeBias
Event: 482.128 Executing VM operation: RevokeBias done
Event: 482.129 loading class org/springframework/web/servlet/handler/AbstractHandlerMapping$CorsInterceptor
Event: 482.129 loading class org/springframework/web/servlet/handler/AbstractHandlerMapping$CorsInterceptor done
Event: 482.131 Executing VM operation: RevokeBias
Event: 482.131 Executing VM operation: RevokeBias done
Event: 482.132 Executing VM operation: RevokeBias
Event: 482.132 Executing VM operation: RevokeBias done
Event: 482.132 Thread 0x00007fee2b464800 Thread exited: 0x00007fee2b464800
Event: 482.134 Thread 0x00007fee2b040000 flushing nmethod 0x000000010e9e7110


Dynamic libraries:
0x0000000026444000 	/System/Library/Frameworks/Cocoa.framework/Versions/A/Cocoa
0x0000000026444000 	/System/Library/Frameworks/Security.framework/Versions/A/Security
0x0000000026444000 	/System/Library/Frameworks/ApplicationServices.framework/Versions/A/ApplicationServices
0x0000000026444000 	/usr/lib/libz.1.dylib
0x0000000026444000 	/usr/lib/libSystem.B.dylib
0x0000000026444000 	/usr/lib/libobjc.A.dylib
0x0000000026444000 	/System/Library/Frameworks/CoreFoundation.framework/Versions/A/CoreFoundation
0x0000000026444000 	/System/Library/Frameworks/Foundation.framework/Versions/C/Foundation
0x0000000026444000 	/System/Library/Frameworks/AppKit.framework/Versions/C/AppKit
0x0000000026444000 	/System/Library/Frameworks/CoreData.framework/Versions/A/CoreData
0x0000000026444000 	/System/Library/PrivateFrameworks/RemoteViewServices.framework/Versions/A/RemoteViewServices
0x0000000026444000 	/System/Library/PrivateFrameworks/UIFoundation.framework/Versions/A/UIFoundation
0x0000000026444000 	/System/Library/PrivateFrameworks/XCTTargetBootstrap.framework/Versions/A/XCTTargetBootstrap
0x0000000026444000 	/System/Library/PrivateFrameworks/IconServices.framework/Versions/A/IconServices
0x0000000026444000 	/System/Library/Frameworks/Metal.framework/Versions/A/Metal
0x0000000026444000 	/System/Library/PrivateFrameworks/DesktopServicesPriv.framework/Versions/A/DesktopServicesPriv
0x0000000026444000 	/usr/lib/libenergytrace.dylib
0x0000000026444000 	/System/Library/PrivateFrameworks/SkyLight.framework/Versions/A/SkyLight
0x0000000026444000 	/System/Library/Frameworks/CoreGraphics.framework/Versions/A/CoreGraphics
0x0000000026444000 	/System/Library/Frameworks/Accelerate.framework/Versions/A/Accelerate
0x0000000026444000 	/System/Library/Frameworks/IOSurface.framework/Versions/A/IOSurface
0x0000000026444000 	/System/Library/PrivateFrameworks/DFRFoundation.framework/Versions/A/DFRFoundation
0x0000000026444000 	/System/Library/Frameworks/AudioToolbox.framework/Versions/A/AudioToolbox
0x0000000026444000 	/System/Library/Frameworks/AudioUnit.framework/Versions/A/AudioUnit
0x0000000026444000 	/System/Library/PrivateFrameworks/DataDetectorsCore.framework/Versions/A/DataDetectorsCore
0x0000000026444000 	/System/Library/Frameworks/Carbon.framework/Versions/A/Frameworks/HIToolbox.framework/Versions/A/HIToolbox
0x0000000026444000 	/usr/lib/libicucore.A.dylib
0x0000000026444000 	/System/Library/Frameworks/QuartzCore.framework/Versions/A/QuartzCore
0x0000000026444000 	/System/Library/Frameworks/Carbon.framework/Versions/A/Frameworks/SpeechRecognition.framework/Versions/A/SpeechRecognition
0x0000000026444000 	/usr/lib/libauto.dylib
0x0000000026444000 	/usr/lib/libxml2.2.dylib
0x0000000026444000 	/System/Library/PrivateFrameworks/CoreUI.framework/Versions/A/CoreUI
0x0000000026444000 	/System/Library/Frameworks/CoreAudio.framework/Versions/A/CoreAudio
0x0000000026444000 	/System/Library/Frameworks/DiskArbitration.framework/Versions/A/DiskArbitration
0x0000000026444000 	/usr/lib/liblangid.dylib
0x0000000026444000 	/System/Library/PrivateFrameworks/MultitouchSupport.framework/Versions/A/MultitouchSupport
0x0000000026444000 	/System/Library/Frameworks/IOKit.framework/Versions/A/IOKit
0x0000000026444000 	/usr/lib/libDiagnosticMessagesClient.dylib
0x0000000026444000 	/System/Library/Frameworks/CoreServices.framework/Versions/A/CoreServices
0x0000000026444000 	/System/Library/PrivateFrameworks/PerformanceAnalysis.framework/Versions/A/PerformanceAnalysis
0x0000000026444000 	/System/Library/Frameworks/OpenGL.framework/Versions/A/OpenGL
0x0000000026444000 	/System/Library/Frameworks/ColorSync.framework/Versions/A/ColorSync
0x0000000026444000 	/System/Library/Frameworks/CoreImage.framework/Versions/A/CoreImage
0x0000000026444000 	/System/Library/Frameworks/CoreText.framework/Versions/A/CoreText
0x0000000026444000 	/System/Library/Frameworks/ImageIO.framework/Versions/A/ImageIO
0x0000000026444000 	/System/Library/PrivateFrameworks/Backup.framework/Versions/A/Backup
0x0000000026444000 	/usr/lib/libarchive.2.dylib
0x0000000026444000 	/System/Library/Frameworks/CFNetwork.framework/Versions/A/CFNetwork
0x0000000026444000 	/System/Library/Frameworks/SystemConfiguration.framework/Versions/A/SystemConfiguration
0x0000000026444000 	/usr/lib/libCRFSuite.dylib
0x0000000026444000 	/usr/lib/libc++.1.dylib
0x0000000026444000 	/usr/lib/libc++abi.dylib
0x0000000026444000 	/usr/lib/system/libcache.dylib
0x0000000026444000 	/usr/lib/system/libcommonCrypto.dylib
0x0000000026444000 	/usr/lib/system/libcompiler_rt.dylib
0x0000000026444000 	/usr/lib/system/libcopyfile.dylib
0x0000000026444000 	/usr/lib/system/libcorecrypto.dylib
0x0000000026444000 	/usr/lib/system/libdispatch.dylib
0x0000000026444000 	/usr/lib/system/libdyld.dylib
0x0000000026444000 	/usr/lib/system/libkeymgr.dylib
0x0000000026444000 	/usr/lib/system/liblaunch.dylib
0x0000000026444000 	/usr/lib/system/libmacho.dylib
0x0000000026444000 	/usr/lib/system/libquarantine.dylib
0x0000000026444000 	/usr/lib/system/libremovefile.dylib
0x0000000026444000 	/usr/lib/system/libsystem_asl.dylib
0x0000000026444000 	/usr/lib/system/libsystem_blocks.dylib
0x0000000026444000 	/usr/lib/system/libsystem_c.dylib
0x0000000026444000 	/usr/lib/system/libsystem_configuration.dylib
0x0000000026444000 	/usr/lib/system/libsystem_coreservices.dylib
0x0000000026444000 	/usr/lib/system/libsystem_darwin.dylib
0x0000000026444000 	/usr/lib/system/libsystem_dnssd.dylib
0x0000000026444000 	/usr/lib/system/libsystem_info.dylib
0x0000000026444000 	/usr/lib/system/libsystem_m.dylib
0x0000000026444000 	/usr/lib/system/libsystem_malloc.dylib
0x0000000026444000 	/usr/lib/system/libsystem_networkextension.dylib
0x0000000026444000 	/usr/lib/system/libsystem_notify.dylib
0x0000000026444000 	/usr/lib/system/libsystem_sandbox.dylib
0x0000000026444000 	/usr/lib/system/libsystem_secinit.dylib
0x0000000026444000 	/usr/lib/system/libsystem_kernel.dylib
0x0000000026444000 	/usr/lib/system/libsystem_platform.dylib
0x0000000026444000 	/usr/lib/system/libsystem_pthread.dylib
0x0000000026444000 	/usr/lib/system/libsystem_symptoms.dylib
0x0000000026444000 	/usr/lib/system/libsystem_trace.dylib
0x0000000026444000 	/usr/lib/system/libunwind.dylib
0x0000000026444000 	/usr/lib/system/libxpc.dylib
0x0000000026444000 	/usr/lib/libbsm.0.dylib
0x0000000026444000 	/usr/lib/system/libkxld.dylib
0x0000000026444000 	/System/Library/PrivateFrameworks/AppleFSCompression.framework/Versions/A/AppleFSCompression
0x0000000026444000 	/usr/lib/libOpenScriptingUtil.dylib
0x0000000026444000 	/usr/lib/libcoretls.dylib
0x0000000026444000 	/usr/lib/libcoretls_cfhelpers.dylib
0x0000000026444000 	/usr/lib/libpam.2.dylib
0x0000000026444000 	/usr/lib/libsqlite3.dylib
0x0000000026444000 	/usr/lib/libxar.1.dylib
0x0000000026444000 	/usr/lib/libbz2.1.0.dylib
0x0000000026444000 	/usr/lib/liblzma.5.dylib
0x0000000026444000 	/usr/lib/libnetwork.dylib
0x0000000026444000 	/usr/lib/libapple_nghttp2.dylib
0x0000000026444000 	/usr/lib/libpcap.A.dylib
0x0000000026444000 	/System/Library/Frameworks/CoreServices.framework/Versions/A/Frameworks/FSEvents.framework/Versions/A/FSEvents
0x0000000026444000 	/System/Library/Frameworks/CoreServices.framework/Versions/A/Frameworks/CarbonCore.framework/Versions/A/CarbonCore
0x0000000026444000 	/System/Library/Frameworks/CoreServices.framework/Versions/A/Frameworks/Metadata.framework/Versions/A/Metadata
0x0000000026444000 	/System/Library/Frameworks/CoreServices.framework/Versions/A/Frameworks/OSServices.framework/Versions/A/OSServices
0x0000000026444000 	/System/Library/Frameworks/CoreServices.framework/Versions/A/Frameworks/SearchKit.framework/Versions/A/SearchKit
0x0000000026444000 	/System/Library/Frameworks/CoreServices.framework/Versions/A/Frameworks/AE.framework/Versions/A/AE
0x0000000026444000 	/System/Library/Frameworks/CoreServices.framework/Versions/A/Frameworks/LaunchServices.framework/Versions/A/LaunchServices
0x0000000026444000 	/System/Library/Frameworks/CoreServices.framework/Versions/A/Frameworks/DictionaryServices.framework/Versions/A/DictionaryServices
0x0000000026444000 	/System/Library/Frameworks/CoreServices.framework/Versions/A/Frameworks/SharedFileList.framework/Versions/A/SharedFileList
0x0000000026444000 	/System/Library/Frameworks/NetFS.framework/Versions/A/NetFS
0x0000000026444000 	/System/Library/PrivateFrameworks/NetAuth.framework/Versions/A/NetAuth
0x0000000026444000 	/System/Library/PrivateFrameworks/login.framework/Versions/A/Frameworks/loginsupport.framework/Versions/A/loginsupport
0x0000000026444000 	/System/Library/PrivateFrameworks/TCC.framework/Versions/A/TCC
0x0000000026444000 	/System/Library/PrivateFrameworks/CoreNLP.framework/Versions/A/CoreNLP
0x0000000026444000 	/System/Library/PrivateFrameworks/MetadataUtilities.framework/Versions/A/MetadataUtilities
0x0000000026444000 	/usr/lib/libmecabra.dylib
0x0000000026444000 	/System/Library/Frameworks/ApplicationServices.framework/Versions/A/Frameworks/ATS.framework/Versions/A/ATS
0x0000000026444000 	/System/Library/Frameworks/ApplicationServices.framework/Versions/A/Frameworks/ColorSyncLegacy.framework/Versions/A/ColorSyncLegacy
0x0000000026444000 	/System/Library/Frameworks/ApplicationServices.framework/Versions/A/Frameworks/HIServices.framework/Versions/A/HIServices
0x0000000026444000 	/System/Library/Frameworks/ApplicationServices.framework/Versions/A/Frameworks/LangAnalysis.framework/Versions/A/LangAnalysis
0x0000000026444000 	/System/Library/Frameworks/ApplicationServices.framework/Versions/A/Frameworks/PrintCore.framework/Versions/A/PrintCore
0x0000000026444000 	/System/Library/Frameworks/ApplicationServices.framework/Versions/A/Frameworks/QD.framework/Versions/A/QD
0x0000000026444000 	/System/Library/Frameworks/ApplicationServices.framework/Versions/A/Frameworks/SpeechSynthesis.framework/Versions/A/SpeechSynthesis
0x0000000026444000 	/usr/lib/libcompression.dylib
0x0000000026444000 	/System/Library/Frameworks/CoreDisplay.framework/Versions/A/CoreDisplay
0x0000000026444000 	/System/Library/Frameworks/MetalPerformanceShaders.framework/Versions/A/MetalPerformanceShaders
0x0000000026444000 	/System/Library/Frameworks/Accelerate.framework/Versions/A/Frameworks/vImage.framework/Versions/A/vImage
0x0000000026444000 	/System/Library/Frameworks/Accelerate.framework/Versions/A/Frameworks/vecLib.framework/Versions/A/vecLib
0x0000000026444000 	/System/Library/Frameworks/Accelerate.framework/Versions/A/Frameworks/vecLib.framework/Versions/A/libvMisc.dylib
0x0000000026444000 	/System/Library/Frameworks/Accelerate.framework/Versions/A/Frameworks/vecLib.framework/Versions/A/libvDSP.dylib
0x0000000026444000 	/System/Library/Frameworks/Accelerate.framework/Versions/A/Frameworks/vecLib.framework/Versions/A/libBLAS.dylib
0x0000000026444000 	/System/Library/Frameworks/Accelerate.framework/Versions/A/Frameworks/vecLib.framework/Versions/A/libLAPACK.dylib
0x0000000026444000 	/System/Library/Frameworks/Accelerate.framework/Versions/A/Frameworks/vecLib.framework/Versions/A/libLinearAlgebra.dylib
0x0000000026444000 	/System/Library/Frameworks/Accelerate.framework/Versions/A/Frameworks/vecLib.framework/Versions/A/libSparseBLAS.dylib
0x0000000026444000 	/System/Library/Frameworks/Accelerate.framework/Versions/A/Frameworks/vecLib.framework/Versions/A/libQuadrature.dylib
0x0000000026444000 	/System/Library/Frameworks/Accelerate.framework/Versions/A/Frameworks/vecLib.framework/Versions/A/libBNNS.dylib
0x0000000026444000 	/System/Library/Frameworks/Accelerate.framework/Versions/A/Frameworks/vecLib.framework/Versions/A/libSparse.dylib
0x0000000026444000 	/System/Library/PrivateFrameworks/GPUWrangler.framework/Versions/A/GPUWrangler
0x0000000026444000 	/System/Library/PrivateFrameworks/IOAccelerator.framework/Versions/A/IOAccelerator
0x0000000026444000 	/System/Library/PrivateFrameworks/IOPresentment.framework/Versions/A/IOPresentment
0x0000000026444000 	/System/Library/PrivateFrameworks/DSExternalDisplay.framework/Versions/A/DSExternalDisplay
0x0000000026444000 	/System/Library/Frameworks/OpenGL.framework/Versions/A/Libraries/libCoreFSCache.dylib
0x0000000026444000 	/System/Library/Frameworks/MetalPerformanceShaders.framework/Frameworks/MPSCore.framework/Versions/A/MPSCore
0x0000000026444000 	/System/Library/Frameworks/MetalPerformanceShaders.framework/Frameworks/MPSImage.framework/Versions/A/MPSImage
0x0000000026444000 	/System/Library/Frameworks/MetalPerformanceShaders.framework/Frameworks/MPSNeuralNetwork.framework/Versions/A/MPSNeuralNetwork
0x0000000026444000 	/System/Library/Frameworks/MetalPerformanceShaders.framework/Frameworks/MPSMatrix.framework/Versions/A/MPSMatrix
0x0000000026444000 	/System/Library/Frameworks/MetalPerformanceShaders.framework/Frameworks/MPSRayIntersector.framework/Versions/A/MPSRayIntersector
0x0000000026444000 	/System/Library/PrivateFrameworks/MetalTools.framework/Versions/A/MetalTools
0x0000000026444000 	/System/Library/PrivateFrameworks/AggregateDictionary.framework/Versions/A/AggregateDictionary
0x0000000026444000 	/usr/lib/libMobileGestalt.dylib
0x0000000026444000 	/System/Library/Frameworks/CoreVideo.framework/Versions/A/CoreVideo
0x0000000026444000 	/System/Library/PrivateFrameworks/GraphVisualizer.framework/Versions/A/GraphVisualizer
0x0000000026444000 	/System/Library/PrivateFrameworks/FaceCore.framework/Versions/A/FaceCore
0x0000000026444000 	/System/Library/Frameworks/OpenCL.framework/Versions/A/OpenCL
0x0000000026444000 	/usr/lib/libFosl_dynamic.dylib
0x0000000026444000 	/System/Library/PrivateFrameworks/OTSVG.framework/Versions/A/OTSVG
0x0000000026444000 	/System/Library/Frameworks/ApplicationServices.framework/Versions/A/Frameworks/ATS.framework/Versions/A/Resources/libFontParser.dylib
0x0000000026444000 	/System/Library/Frameworks/ApplicationServices.framework/Versions/A/Frameworks/ATS.framework/Versions/A/Resources/libFontRegistry.dylib
0x0000000026444000 	/System/Library/Frameworks/ImageIO.framework/Versions/A/Resources/libJPEG.dylib
0x0000000026444000 	/System/Library/Frameworks/ImageIO.framework/Versions/A/Resources/libTIFF.dylib
0x0000000026444000 	/System/Library/Frameworks/ImageIO.framework/Versions/A/Resources/libPng.dylib
0x0000000026444000 	/System/Library/Frameworks/ImageIO.framework/Versions/A/Resources/libGIF.dylib
0x0000000026444000 	/System/Library/Frameworks/ImageIO.framework/Versions/A/Resources/libJP2.dylib
0x0000000026444000 	/System/Library/Frameworks/ImageIO.framework/Versions/A/Resources/libRadiance.dylib
0x0000000026444000 	/System/Library/PrivateFrameworks/AppleJPEG.framework/Versions/A/AppleJPEG
0x0000000026444000 	/System/Library/Frameworks/OpenGL.framework/Versions/A/Libraries/libGFXShared.dylib
0x0000000026444000 	/System/Library/Frameworks/OpenGL.framework/Versions/A/Libraries/libGLU.dylib
0x0000000026444000 	/System/Library/Frameworks/OpenGL.framework/Versions/A/Libraries/libGL.dylib
0x0000000026444000 	/System/Library/Frameworks/OpenGL.framework/Versions/A/Libraries/libGLImage.dylib
0x0000000026444000 	/System/Library/Frameworks/OpenGL.framework/Versions/A/Libraries/libCVMSPluginSupport.dylib
0x0000000026444000 	/System/Library/Frameworks/OpenGL.framework/Versions/A/Libraries/libCoreVMClient.dylib
0x0000000026444000 	/usr/lib/libcups.2.dylib
0x0000000026444000 	/System/Library/Frameworks/Kerberos.framework/Versions/A/Kerberos
0x0000000026444000 	/System/Library/Frameworks/GSS.framework/Versions/A/GSS
0x0000000026444000 	/usr/lib/libresolv.9.dylib
0x0000000026444000 	/usr/lib/libiconv.2.dylib
0x0000000026444000 	/System/Library/PrivateFrameworks/Heimdal.framework/Versions/A/Heimdal
0x0000000026444000 	/usr/lib/libheimdal-asn1.dylib
0x0000000026444000 	/System/Library/Frameworks/OpenDirectory.framework/Versions/A/OpenDirectory
0x0000000026444000 	/System/Library/PrivateFrameworks/CommonAuth.framework/Versions/A/CommonAuth
0x0000000026444000 	/System/Library/Frameworks/OpenDirectory.framework/Versions/A/Frameworks/CFOpenDirectory.framework/Versions/A/CFOpenDirectory
0x0000000026444000 	/System/Library/Frameworks/SecurityFoundation.framework/Versions/A/SecurityFoundation
0x0000000026444000 	/System/Library/PrivateFrameworks/APFS.framework/Versions/A/APFS
0x0000000026444000 	/usr/lib/libutil.dylib
0x0000000026444000 	/usr/lib/libcharset.1.dylib
0x0000000026444000 	/System/Library/PrivateFrameworks/AppleSauce.framework/Versions/A/AppleSauce
0x0000000026444000 	/System/Library/PrivateFrameworks/AssertionServices.framework/Versions/A/AssertionServices
0x0000000026444000 	/System/Library/PrivateFrameworks/BaseBoard.framework/Versions/A/BaseBoard
0x0000000026444000 	/usr/lib/libmecab.1.0.0.dylib
0x0000000026444000 	/usr/lib/libgermantok.dylib
0x0000000026444000 	/usr/lib/libThaiTokenizer.dylib
0x0000000026444000 	/usr/lib/libChineseTokenizer.dylib
0x0000000026444000 	/System/Library/PrivateFrameworks/LanguageModeling.framework/Versions/A/LanguageModeling
0x0000000026444000 	/System/Library/PrivateFrameworks/CoreEmoji.framework/Versions/A/CoreEmoji
0x0000000026444000 	/System/Library/PrivateFrameworks/Lexicon.framework/Versions/A/Lexicon
0x0000000026444000 	/System/Library/PrivateFrameworks/LinguisticData.framework/Versions/A/LinguisticData
0x0000000026444000 	/usr/lib/libcmph.dylib
0x0000000026444000 	/System/Library/Frameworks/ServiceManagement.framework/Versions/A/ServiceManagement
0x0000000026444000 	/System/Library/PrivateFrameworks/BackgroundTaskManagement.framework/Versions/A/BackgroundTaskManagement
0x0000000026444000 	/usr/lib/libxslt.1.dylib
0x0000000026444000 	/System/Library/Frameworks/Carbon.framework/Versions/A/Frameworks/Ink.framework/Versions/A/Ink
0x0000000026444000 	/System/Library/PrivateFrameworks/TextureIO.framework/Versions/A/TextureIO
0x0000000026444000 	/usr/lib/libate.dylib
0x0000000026444000 	/System/Library/PrivateFrameworks/CrashReporterSupport.framework/Versions/A/CrashReporterSupport
0x0000000026444000 	/System/Library/PrivateFrameworks/Sharing.framework/Versions/A/Sharing
0x0000000026444000 	/System/Library/PrivateFrameworks/AuthKit.framework/Versions/A/AuthKit
0x0000000026444000 	/System/Library/PrivateFrameworks/Apple80211.framework/Versions/A/Apple80211
0x0000000026444000 	/System/Library/PrivateFrameworks/CoreUtils.framework/Versions/A/CoreUtils
0x0000000026444000 	/System/Library/Frameworks/CoreWLAN.framework/Versions/A/CoreWLAN
0x0000000026444000 	/System/Library/Frameworks/IOBluetooth.framework/Versions/A/IOBluetooth
0x0000000026444000 	/System/Library/PrivateFrameworks/ProtocolBuffer.framework/Versions/A/ProtocolBuffer
0x0000000026444000 	/System/Library/PrivateFrameworks/MobileKeyBag.framework/Versions/A/MobileKeyBag
0x0000000026444000 	/System/Library/PrivateFrameworks/CorePhoneNumbers.framework/Versions/A/CorePhoneNumbers
0x0000000026444000 	/System/Library/PrivateFrameworks/AppleIDAuthSupport.framework/Versions/A/AppleIDAuthSupport
0x0000000026444000 	/System/Library/PrivateFrameworks/KeychainCircle.framework/Versions/A/KeychainCircle
0x0000000026444000 	/System/Library/PrivateFrameworks/ROCKit.framework/Versions/A/ROCKit
0x0000000026444000 	/System/Library/PrivateFrameworks/CoreWiFi.framework/Versions/A/CoreWiFi
0x0000000026444000 	/System/Library/Frameworks/CoreBluetooth.framework/Versions/A/CoreBluetooth
0x0000000026444000 	/System/Library/PrivateFrameworks/DebugSymbols.framework/Versions/A/DebugSymbols
0x0000000026444000 	/System/Library/PrivateFrameworks/CoreSymbolication.framework/Versions/A/CoreSymbolication
0x0000000026444000 	/System/Library/PrivateFrameworks/Symbolication.framework/Versions/A/Symbolication
0x0000000026444000 	/System/Library/PrivateFrameworks/SpeechRecognitionCore.framework/Versions/A/SpeechRecognitionCore
0x0000000102a00000 	/Library/Java/JavaVirtualMachines/jdk1.8.0_151.jdk/Contents/Home/jre/lib/server/libjvm.dylib
0x0000000026444000 	/usr/lib/libstdc++.6.dylib
0x000000010215c000 	/Library/Java/JavaVirtualMachines/jdk1.8.0_151.jdk/Contents/Home/jre/lib/libverify.dylib
0x000000010216a000 	/Library/Java/JavaVirtualMachines/jdk1.8.0_151.jdk/Contents/Home/jre/lib/libjava.dylib
0x00000001021e9000 	/Library/Java/JavaVirtualMachines/jdk1.8.0_151.jdk/Contents/Home/jre/lib/libzip.dylib
0x0000000026444000 	/System/Library/Frameworks/JavaVM.framework/Versions/A/Frameworks/JavaRuntimeSupport.framework/Versions/A/JavaRuntimeSupport
0x0000000026444000 	/System/Library/Frameworks/JavaVM.framework/Versions/A/Frameworks/JavaNativeFoundation.framework/Versions/A/JavaNativeFoundation
0x0000000026444000 	/System/Library/Frameworks/JavaVM.framework/Versions/A/JavaVM
0x0000000026444000 	/System/Library/Frameworks/Carbon.framework/Versions/A/Carbon
0x0000000026444000 	/System/Library/PrivateFrameworks/JavaLaunching.framework/Versions/A/JavaLaunching
0x0000000026444000 	/System/Library/Frameworks/Carbon.framework/Versions/A/Frameworks/CommonPanels.framework/Versions/A/CommonPanels
0x0000000026444000 	/System/Library/Frameworks/Carbon.framework/Versions/A/Frameworks/Help.framework/Versions/A/Help
0x0000000026444000 	/System/Library/Frameworks/Carbon.framework/Versions/A/Frameworks/ImageCapture.framework/Versions/A/ImageCapture
0x0000000026444000 	/System/Library/Frameworks/Carbon.framework/Versions/A/Frameworks/OpenScripting.framework/Versions/A/OpenScripting
0x0000000026444000 	/System/Library/Frameworks/Carbon.framework/Versions/A/Frameworks/Print.framework/Versions/A/Print
0x0000000026444000 	/System/Library/Frameworks/Carbon.framework/Versions/A/Frameworks/SecurityHI.framework/Versions/A/SecurityHI
0x000000010c362000 	/Library/Java/JavaVirtualMachines/jdk1.8.0_151.jdk/Contents/Home/jre/lib/libmanagement.dylib
0x000000010c370000 	/Library/Java/JavaVirtualMachines/jdk1.8.0_151.jdk/Contents/Home/jre/lib/libnet.dylib
0x000000010ce59000 	/Library/Java/JavaVirtualMachines/jdk1.8.0_151.jdk/Contents/Home/jre/lib/libnio.dylib
0x000000010bf18000 	/Library/Java/Extensions/librxtxSerial.jnilib

VM Arguments:
jvm_args: -Dfile.encoding=UTF-8 
java_command: app.Application
java_class_path (initial): /Library/Java/JavaVirtualMachines/jdk1.8.0_151.jdk/Contents/Home/jre/lib/resources.jar:/Library/Java/JavaVirtualMachines/jdk1.8.0_151.jdk/Contents/Home/jre/lib/rt.jar:/Library/Java/JavaVirtualMachines/jdk1.8.0_151.jdk/Contents/Home/jre/lib/jsse.jar:/Library/Java/JavaVirtualMachines/jdk1.8.0_151.jdk/Contents/Home/jre/lib/jce.jar:/Library/Java/JavaVirtualMachines/jdk1.8.0_151.jdk/Contents/Home/jre/lib/charsets.jar:/Library/Java/JavaVirtualMachines/jdk1.8.0_151.jdk/Contents/Home/jre/lib/jfr.jar:/Library/Java/JavaVirtualMachines/jdk1.8.0_151.jdk/Contents/Home/jre/lib/ext/sunec.jar:/Library/Java/JavaVirtualMachines/jdk1.8.0_151.jdk/Contents/Home/jre/lib/ext/nashorn.jar:/Library/Java/JavaVirtualMachines/jdk1.8.0_151.jdk/Contents/Home/jre/lib/ext/cldrdata.jar:/Library/Java/JavaVirtualMachines/jdk1.8.0_151.jdk/Contents/Home/jre/lib/ext/jfxrt.jar:/Library/Java/JavaVirtualMachines/jdk1.8.0_151.jdk/Contents/Home/jre/lib/ext/dnsns.jar:/Library/Java/JavaVirtualMachines/jdk1.8.0_151.jdk/Contents/Home/jre/lib/ext/localedata.jar:/Library/Java/JavaVirtualMachines/jdk1.8.0_151.jdk/Contents/Home/jre/lib/ext/sunjce_provider.jar:/Library/Java/JavaVirtualMachines/jdk1.8.0_151.jdk/Contents/Home/jre/lib/ext/sunpkcs11.jar:/Library/Java/JavaVirtualMachines/jdk1.8.0_151.jdk/Contents/Home/jre/lib/ext/jaccess.jar:/Library/Java/JavaVirtualMachines/jdk1.8.0_151.jdk/Contents/Home/jre/lib/ext/zipfs.jar:/Library/Java/Extensions/RXTXcomm.jar:/System/Library/Java/Extensions/MRJToolkit.jar:/Users/jiangzhizhong/eclipse-workspace/icon_appx/target/classes:/Users/jiangzhizhong/.m2/repository/org/springframework/boot/spring-boot-starter-web/2.0.3.RELEASE/spring-boot-starter-web-2.0.3.RELEASE.jar:/Users/jiangzhizhong/.m2/repository/org/springframework/boot/spring-boot-starter/2.0.3.RELEASE/spring-boot-starter-2.0.3.RELEASE.jar:/Users/jiangzhizhong/.m2/repository/org/springframework/boot/spring-boot/2.0.3.RELEASE/spring-boot-2.0.3.RELEASE.jar:/Users/jiangzhizhong/.m2/repository/or
Launcher Type: SUN_STANDARD

Environment Variables:
PATH=/usr/bin:/bin:/usr/sbin:/sbin
SHELL=/bin/bash

Signal Handlers:
SIGSEGV: [libjvm.dylib+0x5b27a5], sa_mask[0]=11111111011111110111111111111111, sa_flags=SA_ONSTACK|SA_RESTART|SA_SIGINFO
SIGBUS: [libjvm.dylib+0x5b27a5], sa_mask[0]=11111111011111110111111111111111, sa_flags=SA_RESTART|SA_SIGINFO
SIGFPE: [libjvm.dylib+0x4891c4], sa_mask[0]=11111111011111110111111111111111, sa_flags=SA_RESTART|SA_SIGINFO
SIGPIPE: [libjvm.dylib+0x4891c4], sa_mask[0]=11111111011111110111111111111111, sa_flags=SA_RESTART|SA_SIGINFO
SIGXFSZ: [libjvm.dylib+0x4891c4], sa_mask[0]=11111111011111110111111111111111, sa_flags=SA_RESTART|SA_SIGINFO
SIGILL: [libjvm.dylib+0x4891c4], sa_mask[0]=11111111011111110111111111111111, sa_flags=SA_RESTART|SA_SIGINFO
SIGUSR1: SIG_DFL, sa_mask[0]=00000000000000000000000000000000, sa_flags=none
SIGUSR2: [libjvm.dylib+0x488ce2], sa_mask[0]=00100000000000000000000000000000, sa_flags=SA_RESTART|SA_SIGINFO
SIGHUP: [libjvm.dylib+0x4872b9], sa_mask[0]=11111111011111110111111111111111, sa_flags=SA_RESTART|SA_SIGINFO
SIGINT: [libjvm.dylib+0x4872b9], sa_mask[0]=11111111011111110111111111111111, sa_flags=SA_RESTART|SA_SIGINFO
SIGTERM: [libjvm.dylib+0x4872b9], sa_mask[0]=11111111011111110111111111111111, sa_flags=SA_RESTART|SA_SIGINFO
SIGQUIT: [libjvm.dylib+0x4872b9], sa_mask[0]=11111111011111110111111111111111, sa_flags=SA_RESTART|SA_SIGINFO


---------------  S Y S T E M  ---------------

OS:Bsduname:Darwin 18.2.0 Darwin Kernel Version 18.2.0: Mon Nov 12 20:24:46 PST 2018; root:xnu-4903.231.4~2/RELEASE_X86_64 x86_64
rlimit: STACK 8192k, CORE 0k, NPROC 709, NOFILE 10240, AS infinity
load average:1.73 1.68 1.85

CPU:total 4 (initial active 4) (2 cores per cpu, 2 threads per core) family 6 model 142 stepping 9, cmov, cx8, fxsr, mmx, sse, sse2, sse3, ssse3, sse4.1, sse4.2, popcnt, avx, avx2, aes, clmul, erms, 3dnowpref, lzcnt, ht, tsc, tscinvbit, bmi1, bmi2, adx

Memory: 4k page, physical 8388608k(68148k free)

/proc/meminfo:


vm_info: Java HotSpot(TM) 64-Bit Server VM (25.151-b12) for bsd-amd64 JRE (1.8.0_151-b12), built on Sep  5 2017 19:37:08 by "java_re" with gcc 4.2.1 (Based on Apple Inc. build 5658) (LLVM build 2336.11.00)

time: Tue Jan 22 11:21:52 2019
elapsed time: 482 seconds (0d 0h 8m 2s)

